<?xml version="1.0" encoding="UTF-8"?>
<testng-results skipped="1" failed="0" total="1" passed="0">
  <reporter-output>
  </reporter-output>
  <suite name="Default suite" duration-ms="18469" started-at="2019-10-10T12:18:38Z" finished-at="2019-10-10T12:18:57Z">
    <groups>
    </groups>
    <test name="Default test" duration-ms="18469" started-at="2019-10-10T12:18:38Z" finished-at="2019-10-10T12:18:57Z">
      <class name="org.testing.testscript.TC1">
        <test-method status="FAIL" signature="browser_lounch()[pri:0, instance:org.testing.testscript.TC1@42d80b78]" name="browser_lounch" is-config="true" duration-ms="0" started-at="2019-10-10T17:48:39Z" finished-at="2019-10-10T17:48:39Z">
          <exception class="org.openqa.selenium.SessionNotCreatedException">
            <message>
              <![CDATA[session not created
from chrome not reachable
  (Session info: chrome=77.0.3865.90)
Build info: version: '3.141.59', revision: 'e82be7d358', time: '2018-11-14T08:25:48'
System info: host: 'DESKTOP-OK061BU', ip: '172.16.250.87', os.name: 'Windows 10', os.arch: 'amd64', os.version: '10.0', java.version: '1.8.0_221'
Driver info: driver.version: ChromeDriver
remote stacktrace: Backtrace:
	Ordinal0 [0x00197C53+1473619]
	Ordinal0 [0x0011AD71+961905]
	Ordinal0 [0x000A415C+475484]
	Ordinal0 [0x0009DAEA+449258]
	Ordinal0 [0x0009E188+450952]
	Ordinal0 [0x0009F295+455317]
	Ordinal0 [0x0009B495+439445]
	Ordinal0 [0x000A4F10+478992]
	Ordinal0 [0x000598FE+170238]
	Ordinal0 [0x00058D1D+167197]
	Ordinal0 [0x0005742B+160811]
	Ordinal0 [0x00040AE6+68326]
	Ordinal0 [0x00041BF0+72688]
	Ordinal0 [0x00041B89+72585]
	Ordinal0 [0x00134B37+1067831]
	GetHandleVerifier [0x00236845+506677]
	GetHandleVerifier [0x002365E0+506064]
	GetHandleVerifier [0x0023D188+533624]
	GetHandleVerifier [0x0023701A+508682]
	Ordinal0 [0x0012C226+1032742]
	Ordinal0 [0x0012C09F+1032351]
	Ordinal0 [0x00136A4B+1075787]
	Ordinal0 [0x00136BB3+1076147]
	Ordinal0 [0x00135B65+1071973]
	BaseThreadInitThunk [0x75996359+25]
	RtlGetAppContainerNamedObjectPath [0x77207B74+228]
	RtlGetAppContainerNamedObjectPath [0x77207B44+180]
	(No symbol) [0x00000000]
]]>
            </message>
            <full-stacktrace>
              <![CDATA[org.openqa.selenium.SessionNotCreatedException: session not created
from chrome not reachable
  (Session info: chrome=77.0.3865.90)
Build info: version: '3.141.59', revision: 'e82be7d358', time: '2018-11-14T08:25:48'
System info: host: 'DESKTOP-OK061BU', ip: '172.16.250.87', os.name: 'Windows 10', os.arch: 'amd64', os.version: '10.0', java.version: '1.8.0_221'
Driver info: driver.version: ChromeDriver
remote stacktrace: Backtrace:
	Ordinal0 [0x00197C53+1473619]
	Ordinal0 [0x0011AD71+961905]
	Ordinal0 [0x000A415C+475484]
	Ordinal0 [0x0009DAEA+449258]
	Ordinal0 [0x0009E188+450952]
	Ordinal0 [0x0009F295+455317]
	Ordinal0 [0x0009B495+439445]
	Ordinal0 [0x000A4F10+478992]
	Ordinal0 [0x000598FE+170238]
	Ordinal0 [0x00058D1D+167197]
	Ordinal0 [0x0005742B+160811]
	Ordinal0 [0x00040AE6+68326]
	Ordinal0 [0x00041BF0+72688]
	Ordinal0 [0x00041B89+72585]
	Ordinal0 [0x00134B37+1067831]
	GetHandleVerifier [0x00236845+506677]
	GetHandleVerifier [0x002365E0+506064]
	GetHandleVerifier [0x0023D188+533624]
	GetHandleVerifier [0x0023701A+508682]
	Ordinal0 [0x0012C226+1032742]
	Ordinal0 [0x0012C09F+1032351]
	Ordinal0 [0x00136A4B+1075787]
	Ordinal0 [0x00136BB3+1076147]
	Ordinal0 [0x00135B65+1071973]
	BaseThreadInitThunk [0x75996359+25]
	RtlGetAppContainerNamedObjectPath [0x77207B74+228]
	RtlGetAppContainerNamedObjectPath [0x77207B44+180]
	(No symbol) [0x00000000]

	at sun.reflect.NativeConstructorAccessorImpl.newInstance0(Native Method)
	at sun.reflect.NativeConstructorAccessorImpl.newInstance(Unknown Source)
	at sun.reflect.DelegatingConstructorAccessorImpl.newInstance(Unknown Source)
	at java.lang.reflect.Constructor.newInstance(Unknown Source)
	at org.openqa.selenium.remote.W3CHandshakeResponse.lambda$errorHandler$0(W3CHandshakeResponse.java:62)
	at org.openqa.selenium.remote.HandshakeResponse.lambda$getResponseFunction$0(HandshakeResponse.java:30)
	at org.openqa.selenium.remote.ProtocolHandshake.lambda$createSession$0(ProtocolHandshake.java:126)
	at java.util.stream.ReferencePipeline$3$1.accept(Unknown Source)
	at java.util.Spliterators$ArraySpliterator.tryAdvance(Unknown Source)
	at java.util.stream.ReferencePipeline.forEachWithCancel(Unknown Source)
	at java.util.stream.AbstractPipeline.copyIntoWithCancel(Unknown Source)
	at java.util.stream.AbstractPipeline.copyInto(Unknown Source)
	at java.util.stream.AbstractPipeline.wrapAndCopyInto(Unknown Source)
	at java.util.stream.FindOps$FindOp.evaluateSequential(Unknown Source)
	at java.util.stream.AbstractPipeline.evaluate(Unknown Source)
	at java.util.stream.ReferencePipeline.findFirst(Unknown Source)
	at org.openqa.selenium.remote.ProtocolHandshake.createSession(ProtocolHandshake.java:128)
	at org.openqa.selenium.remote.ProtocolHandshake.createSession(ProtocolHandshake.java:74)
	at org.openqa.selenium.remote.HttpCommandExecutor.execute(HttpCommandExecutor.java:136)
	at org.openqa.selenium.remote.service.DriverCommandExecutor.execute(DriverCommandExecutor.java:83)
	at org.openqa.selenium.remote.RemoteWebDriver.execute(RemoteWebDriver.java:552)
	at org.openqa.selenium.remote.RemoteWebDriver.startSession(RemoteWebDriver.java:213)
	at org.openqa.selenium.remote.RemoteWebDriver.<init>(RemoteWebDriver.java:131)
	at org.openqa.selenium.chrome.ChromeDriver.<init>(ChromeDriver.java:181)
	at org.openqa.selenium.chrome.ChromeDriver.<init>(ChromeDriver.java:168)
	at org.openqa.selenium.chrome.ChromeDriver.<init>(ChromeDriver.java:123)
	at org.testing.base.Base.browser_lounch(Base.java:31)
	at sun.reflect.NativeMethodAccessorImpl.invoke0(Native Method)
	at sun.reflect.NativeMethodAccessorImpl.invoke(Unknown Source)
	at sun.reflect.DelegatingMethodAccessorImpl.invoke(Unknown Source)
	at java.lang.reflect.Method.invoke(Unknown Source)
	at org.testng.internal.MethodInvocationHelper.invokeMethod(MethodInvocationHelper.java:85)
	at org.testng.internal.Invoker.invokeConfigurationMethod(Invoker.java:510)
	at org.testng.internal.Invoker.invokeConfigurations(Invoker.java:211)
	at org.testng.internal.Invoker.invokeMethod(Invoker.java:585)
	at org.testng.internal.Invoker.invokeTestMethod(Invoker.java:821)
	at org.testng.internal.Invoker.invokeTestMethods(Invoker.java:1131)
	at org.testng.internal.TestMethodWorker.invokeTestMethods(TestMethodWorker.java:124)
	at org.testng.internal.TestMethodWorker.run(TestMethodWorker.java:108)
	at org.testng.TestRunner.privateRun(TestRunner.java:773)
	at org.testng.TestRunner.run(TestRunner.java:623)
	at org.testng.SuiteRunner.runTest(SuiteRunner.java:357)
	at org.testng.SuiteRunner.runSequentially(SuiteRunner.java:352)
	at org.testng.SuiteRunner.privateRun(SuiteRunner.java:310)
	at org.testng.SuiteRunner.run(SuiteRunner.java:259)
	at org.testng.SuiteRunnerWorker.runSuite(SuiteRunnerWorker.java:52)
	at org.testng.SuiteRunnerWorker.run(SuiteRunnerWorker.java:86)
	at org.testng.TestNG.runSuitesSequentially(TestNG.java:1185)
	at org.testng.TestNG.runSuitesLocally(TestNG.java:1110)
	at org.testng.TestNG.run(TestNG.java:1018)
	at org.testng.remote.AbstractRemoteTestNG.run(AbstractRemoteTestNG.java:115)
	at org.testng.remote.RemoteTestNG.initAndRun(RemoteTestNG.java:251)
	at org.testng.remote.RemoteTestNG.main(RemoteTestNG.java:77)
]]>
            </full-stacktrace>
          </exception> <!-- org.openqa.selenium.SessionNotCreatedException -->
          <reporter-output>
          </reporter-output>
        </test-method> <!-- browser_lounch -->
        <test-method status="SKIP" signature="login()[pri:0, instance:org.testing.testscript.TC1@42d80b78]" name="login" duration-ms="16" started-at="2019-10-10T17:48:57Z" finished-at="2019-10-10T17:48:57Z">
          <reporter-output>
          </reporter-output>
        </test-method> <!-- login -->
        <test-method status="SKIP" signature="browser_close()[pri:0, instance:org.testing.testscript.TC1@42d80b78]" name="browser_close" is-config="true" duration-ms="0" started-at="2019-10-10T17:48:57Z" finished-at="2019-10-10T17:48:57Z">
          <reporter-output>
          </reporter-output>
        </test-method> <!-- browser_close -->
      </class> <!-- org.testing.testscript.TC1 -->
    </test> <!-- Default test -->
  </suite> <!-- Default suite -->
</testng-results>
